<?xml version="1.0" encoding="UTF-8"?>
<!-- Generated by org.testng.reporters.JUnitReportReporter -->
<testsuite hostname="DESKTOP-F280F2S" failures="0" tests="1" name="com.pageTests.HomeTests" time="1.694" errors="0" timestamp="2022-10-13T09:48:34 IST" skipped="0">
  <testcase classname="com.pageTests.HomeTests" name="checkLogo" time="1.694"/>
  <system-out/>
</testsuite> <!-- com.pageTests.HomeTests -->
