<?xml version="1.0" encoding="UTF-8"?>
<!-- Generated by org.testng.reporters.JUnitReportReporter -->
<testsuite hostname="DESKTOP-F280F2S" failures="0" tests="3" name="com.pageTests.HomeTests" time="16.981" errors="0" timestamp="2022-11-24T22:39:24 IST" skipped="0">
  <testcase classname="com.pageTests.HomeTests" name="checkIfInvalidSymbolsDeniedBySearchBar" time="13.449"/>
  <system-out/>
  <testcase classname="com.pageTests.HomeTests" name="checkIfNumbersDeniedBySearchBar" time="2.034"/>
  <system-out/>
  <testcase classname="com.pageTests.HomeTests" name="checkLogo" time="1.498"/>
  <system-out/>
</testsuite> <!-- com.pageTests.HomeTests -->
