<?xml version="1.0" encoding="UTF-8"?>
<!-- Generated by org.testng.reporters.JUnitReportReporter -->
<testsuite hostname="DESKTOP-F280F2S" failures="0" tests="3" name="com.pageTests.HomeTests" time="8.488" errors="0" timestamp="2022-10-14T18:39:22 IST" skipped="0">
  <testcase classname="com.pageTests.HomeTests" name="checkIfInvalidSymbolsDeniedBySearchBar" time="4.483"/>
  <system-out/>
  <testcase classname="com.pageTests.HomeTests" name="checkLogo" time="1.076"/>
  <system-out/>
  <testcase classname="com.pageTests.HomeTests" name="checkIfNumbersDeniedBySearchBar" time="2.929"/>
  <system-out/>
</testsuite> <!-- com.pageTests.HomeTests -->
