<?xml version="1.0" encoding="UTF-8"?>
<!-- Generated by org.testng.reporters.JUnitReportReporter -->
<testsuite hostname="DESKTOP-F280F2S" failures="0" tests="1" name="com.pageTests.CartTests" time="50.700" errors="0" timestamp="2022-10-06T22:50:45 IST" skipped="0">
  <testcase classname="com.pageTests.CartTests" name="verifyCartPageLogin" time="50.700"/>
  <system-out/>
</testsuite> <!-- com.pageTests.CartTests -->
