<?xml version="1.0" encoding="UTF-8"?>
<!-- Generated by org.testng.reporters.JUnitReportReporter -->
<testsuite hostname="DESKTOP-F280F2S" failures="0" tests="1" name="com.pageTests.LoginTests" time="12.554" errors="0" timestamp="2022-10-13T09:24:09 IST" skipped="0">
  <testcase classname="com.pageTests.LoginTests" name="getTextOfLoginPage" time="12.554"/>
  <system-out/>
</testsuite> <!-- com.pageTests.LoginTests -->
