<?xml version="1.0" encoding="UTF-8"?>
<!-- Generated by org.testng.reporters.JUnitReportReporter -->
<testsuite hostname="DESKTOP-F280F2S" failures="0" tests="1" name="com.pageTests.LoginTests" time="16.686" errors="0" timestamp="2022-10-14T22:20:23 IST" skipped="0">
  <testcase classname="com.pageTests.LoginTests" name="getTextOfSignUpPage" time="16.686"/>
  <system-out/>
</testsuite> <!-- com.pageTests.LoginTests -->
