<?xml version="1.0" encoding="UTF-8"?>
<!-- Generated by org.testng.reporters.JUnitReportReporter -->
<testsuite hostname="DESKTOP-F280F2S" failures="0" tests="5" name="com.pageTests.LoginTests" time="80.453" errors="0" timestamp="2022-10-12T11:48:04 IST" skipped="0">
  <testcase classname="com.pageTests.LoginTests" name="verifyIfCloseButtonIsWorking" time="13.158"/>
  <system-out/>
  <testcase classname="com.pageTests.LoginTests" name="getTextOfSignUpPage" time="15.784"/>
  <system-out/>
  <testcase classname="com.pageTests.LoginTests" name="getTextOfLoginPage" time="16.114"/>
  <system-out/>
  <testcase classname="com.pageTests.LoginTests" name="verifyIfFacebookAndGooglePageIsRedirecting" time="14.252"/>
  <system-out/>
  <testcase classname="com.pageTests.LoginTests" name="verifyIfLoginIsTakingPlaceSuccessfully" time="21.145"/>
  <system-out/>
</testsuite> <!-- com.pageTests.LoginTests -->
