<?xml version="1.0" encoding="UTF-8"?>
<!-- Generated by org.testng.reporters.JUnitReportReporter -->
<testsuite hostname="DESKTOP-F280F2S" failures="0" tests="1" name="com.pageTests.LivingRoomTests" time="22.125" errors="0" timestamp="2022-10-12T12:04:30 IST" skipped="0">
  <testcase classname="com.pageTests.LivingRoomTests" name="verifyIfLivingRoomDropBoxOpensAndComparesSelectedItems" time="22.125"/>
  <system-out/>
</testsuite> <!-- com.pageTests.LivingRoomTests -->
