<?xml version="1.0" encoding="UTF-8"?>
<!-- Generated by org.testng.reporters.JUnitReportReporter -->
<testsuite hostname="DESKTOP-F280F2S" failures="0" tests="1" name="com.pageTests.LivingRoomTests" time="9.676" errors="0" timestamp="2022-10-11T23:06:55 IST" skipped="0">
  <testcase classname="com.pageTests.LivingRoomTests" name="verifyIfLivingCatalogProductListIsDisplayed" time="9.676"/>
  <system-out/>
</testsuite> <!-- com.pageTests.LivingRoomTests -->
