<?xml version="1.0" encoding="UTF-8"?>
<!-- Generated by org.testng.reporters.JUnitReportReporter -->
<testsuite hostname="DESKTOP-F280F2S" failures="0" tests="1" name="com.dataProviderTests.DataDrivenTests" time="5.435" errors="0" timestamp="2022-10-12T11:48:04 IST" skipped="0">
  <testcase classname="com.dataProviderTests.DataDrivenTests" name="loginTests" time="5.435"/>
  <system-out/>
</testsuite> <!-- com.dataProviderTests.DataDrivenTests -->
