<?xml version="1.0" encoding="UTF-8"?>
<!-- Generated by org.testng.reporters.JUnitReportReporter -->
<testsuite hostname="DESKTOP-F280F2S" failures="0" tests="1" name="com.pageTests.LivingRoomTests" time="36.696" errors="0" timestamp="2022-10-07T08:39:27 IST" skipped="0">
  <testcase classname="com.pageTests.LivingRoomTests" name="verifyIfLivingRoomDropBoxOpensAndComparesSelectedItems" time="36.696"/>
  <system-out/>
</testsuite> <!-- com.pageTests.LivingRoomTests -->
