<?xml version="1.0" encoding="UTF-8"?>
<!-- Generated by org.testng.reporters.JUnitReportReporter -->
<testsuite hostname="DESKTOP-F280F2S" failures="0" tests="1" name="com.dataProviderTests.DataDrivenTests" time="5.148" errors="0" timestamp="2022-10-06T21:59:35 IST" skipped="0">
  <testcase classname="com.dataProviderTests.DataDrivenTests" name="loginTests" time="5.148"/>
  <system-out/>
</testsuite> <!-- com.dataProviderTests.DataDrivenTests -->
