<?xml version="1.0" encoding="UTF-8"?>
<!-- Generated by org.testng.reporters.JUnitReportReporter -->
<testsuite hostname="DESKTOP-F280F2S" failures="0" tests="2" name="com.pageTests.SearchTests" time="16.642" errors="0" timestamp="2022-10-12T11:48:04 IST" skipped="0">
  <testcase classname="com.pageTests.SearchTests" name="checkIfNumbersDeniedBySearchBar" time="9.737"/>
  <system-out/>
  <testcase classname="com.pageTests.SearchTests" name="checkIfInvalidSymbolsDeniedBySearchBar" time="6.905"/>
  <system-out/>
</testsuite> <!-- com.pageTests.SearchTests -->
