<?xml version="1.0" encoding="UTF-8"?>
<!-- Generated by org.testng.reporters.JUnitReportReporter -->
<testsuite hostname="DESKTOP-F280F2S" failures="0" tests="1" name="com.pageTests.WishlistTests" time="8.775" errors="0" timestamp="2022-10-12T14:05:36 IST" skipped="0">
  <testcase classname="com.pageTests.WishlistTests" name="verifyIfTheCartPageIsLoading" time="8.775"/>
  <system-out/>
</testsuite> <!-- com.pageTests.WishlistTests -->
