<?xml version="1.0" encoding="UTF-8"?>
<!-- Generated by org.testng.reporters.JUnitReportReporter -->
<testsuite hostname="DESKTOP-F280F2S" failures="0" tests="3" name="com.pageTests.LoginTests" time="47.054" errors="0" timestamp="2022-10-06T21:59:35 IST" skipped="0">
  <testcase classname="com.pageTests.LoginTests" name="verifyIfCloseButtonIsWorking" time="17.615"/>
  <system-out/>
  <testcase classname="com.pageTests.LoginTests" name="verifyIfLoginIsTakingPlaceSuccessfully" time="13.842"/>
  <system-out/>
  <testcase classname="com.pageTests.LoginTests" name="verifyIfFacebookAndGooglePageIsRedirecting" time="15.597"/>
  <system-out/>
</testsuite> <!-- com.pageTests.LoginTests -->
