<?xml version="1.0" encoding="UTF-8"?>
<!-- Generated by org.testng.reporters.JUnitReportReporter -->
<testsuite hostname="DESKTOP-F280F2S" failures="0" tests="2" name="com.pageTests.SearchTests" time="15.740" errors="0" timestamp="2022-10-08T08:36:20 IST" skipped="0">
  <testcase classname="com.pageTests.SearchTests" name="checkIfNumbersDeniedBySearchBar" time="8.412"/>
  <system-out/>
  <testcase classname="com.pageTests.SearchTests" name="checkIfInvalidSymbolsDeniedBySearchBar" time="7.328"/>
  <system-out/>
</testsuite> <!-- com.pageTests.SearchTests -->
