<?xml version="1.0" encoding="UTF-8"?>
<!-- Generated by org.testng.reporters.JUnitReportReporter -->
<testsuite hostname="DESKTOP-F280F2S" failures="0" tests="1" name="com.pageTests.WishlistTests" time="16.014" errors="0" timestamp="2022-10-08T08:36:20 IST" skipped="0">
  <testcase classname="com.pageTests.WishlistTests" name="verifyIfTheCartPageIsLoading" time="16.014"/>
  <system-out/>
</testsuite> <!-- com.pageTests.WishlistTests -->
