<?xml version="1.0" encoding="UTF-8"?>
<!-- Generated by org.testng.reporters.JUnitReportReporter -->
<testsuite hostname="DESKTOP-F280F2S" failures="0" tests="5" name="com.pageTests.LoginTests" time="58.892" errors="0" timestamp="2022-10-17T16:20:06 IST" skipped="0">
  <testcase classname="com.pageTests.LoginTests" name="getTextOfLoginPage" time="12.115"/>
  <system-out/>
  <testcase classname="com.pageTests.LoginTests" name="getTextOfSignUpPage" time="11.741"/>
  <system-out/>
  <testcase classname="com.pageTests.LoginTests" name="verifyIfCloseButtonIsWorking" time="8.933"/>
  <system-out/>
  <testcase classname="com.pageTests.LoginTests" name="verifyIfFacebookAndGooglePageIsRedirecting" time="10.126"/>
  <system-out/>
  <testcase classname="com.pageTests.LoginTests" name="verifyIfLoginIsTakingPlaceSuccessfully" time="15.977"/>
  <system-out/>
</testsuite> <!-- com.pageTests.LoginTests -->
