<?xml version="1.0" encoding="UTF-8"?>
<!-- Generated by org.testng.reporters.JUnitReportReporter -->
<testsuite hostname="DESKTOP-F280F2S" failures="0" tests="3" name="com.pageTests.HomeTests" time="7.026" errors="0" timestamp="2022-10-19T15:50:36 IST" skipped="0">
  <testcase classname="com.pageTests.HomeTests" name="checkLogo" time="0.974"/>
  <system-out/>
  <testcase classname="com.pageTests.HomeTests" name="checkIfInvalidSymbolsDeniedBySearchBar" time="4.297"/>
  <system-out/>
  <testcase classname="com.pageTests.HomeTests" name="checkIfNumbersDeniedBySearchBar" time="1.755"/>
  <system-out/>
</testsuite> <!-- com.pageTests.HomeTests -->
