<?xml version="1.0" encoding="UTF-8"?>
<!-- Generated by org.testng.reporters.JUnitReportReporter -->
<testsuite hostname="DESKTOP-F280F2S" failures="0" tests="3" name="com.pageTests.HomeTests" time="4.152" errors="0" timestamp="2022-10-17T16:20:06 IST" skipped="0">
  <testcase classname="com.pageTests.HomeTests" name="checkIfNumbersDeniedBySearchBar" time="1.417"/>
  <system-out/>
  <testcase classname="com.pageTests.HomeTests" name="checkLogo" time="0.663"/>
  <system-out/>
  <testcase classname="com.pageTests.HomeTests" name="checkIfInvalidSymbolsDeniedBySearchBar" time="2.072"/>
  <system-out/>
</testsuite> <!-- com.pageTests.HomeTests -->
