<?xml version="1.0" encoding="UTF-8"?>
<!-- Generated by org.testng.reporters.JUnitReportReporter -->
<testsuite hostname="DESKTOP-F280F2S" failures="0" tests="5" name="com.pageTests.LoginTests" time="64.711" errors="0" timestamp="2022-10-19T15:50:36 IST" skipped="0">
  <testcase classname="com.pageTests.LoginTests" name="getTextOfLoginPage" time="14.843"/>
  <system-out/>
  <testcase classname="com.pageTests.LoginTests" name="getTextOfSignUpPage" time="12.919"/>
  <system-out/>
  <testcase classname="com.pageTests.LoginTests" name="verifyIfCloseButtonIsWorking" time="9.462"/>
  <system-out/>
  <testcase classname="com.pageTests.LoginTests" name="verifyIfFacebookAndGooglePageIsRedirecting" time="10.966"/>
  <system-out/>
  <testcase classname="com.pageTests.LoginTests" name="verifyIfLoginIsTakingPlaceSuccessfully" time="16.521"/>
  <system-out/>
</testsuite> <!-- com.pageTests.LoginTests -->
