<?xml version="1.0" encoding="UTF-8"?>
<!-- Generated by org.testng.reporters.JUnitReportReporter -->
<testsuite hostname="DESKTOP-F280F2S" failures="0" tests="1" name="com.dataProviderTests.DataDrivenTests" time="0.001" errors="0" timestamp="2022-10-17T16:20:06 IST" skipped="0">
  <testcase classname="com.dataProviderTests.DataDrivenTests" name="loginTests" time="0.001"/>
  <system-out/>
</testsuite> <!-- com.dataProviderTests.DataDrivenTests -->
